<?xml version="1.0" encoding="UTF-8"?>
<testng-results ignored="0" total="1" passed="1" failed="0" skipped="0">
  <reporter-output>
  </reporter-output>
  <suite started-at="2022-08-11T13:59:58 IST" name="Default suite" finished-at="2022-08-11T14:00:24 IST" duration-ms="25786">
    <groups>
    </groups>
    <test started-at="2022-08-11T13:59:58 IST" name="Default test" finished-at="2022-08-11T14:00:24 IST" duration-ms="25786">
      <class name="ChinaSystem.AutomateIPLC_RegisterLC">
        <test-method signature="TEST(java.lang.String,java.lang.String,java.lang.String,java.lang.String,java.lang.String)[pri:0, instance:ChinaSystem.AutomateIPLC_RegisterLC@51e69659]" started-at="2022-08-11T13:59:59 IST" name="TEST" data-provider="fetchData" finished-at="2022-08-11T14:00:24 IST" duration-ms="24703" status="PASS">
          <params>
            <param index="0">
              <value>
                <![CDATA[CSBANK]]>
              </value>
            </param>
            <param index="1">
              <value>
                <![CDATA[CSBANKOP]]>
              </value>
            </param>
            <param index="2">
              <value>
                <![CDATA[1Q1Q1Q1Q]]>
              </value>
            </param>
            <param index="3">
              <value>
                <![CDATA[2022-09-09]]>
              </value>
            </param>
            <param index="4">
              <value>
                <![CDATA[6545465]]>
              </value>
            </param>
          </params>
          <reporter-output>
          </reporter-output>
        </test-method> <!-- TEST -->
      </class> <!-- ChinaSystem.AutomateIPLC_RegisterLC -->
    </test> <!-- Default test -->
  </suite> <!-- Default suite -->
</testng-results>
