<?xml version="1.0" encoding="UTF-8"?>
<!-- Generated by org.testng.reporters.JUnitXMLReporter -->
<testsuite ignored="0" hostname="DESKTOP-SQDSI01" failures="1" tests="2" name="Test" time="28.429" errors="0" timestamp="2022-08-18T15:25:00 IST">
  <testcase classname="ChinaSystem.AutomateIPLC_RegisterLC" name="Supervisorrelease" time="0.041">
    <failure type="java.lang.NullPointerException" message="Cannot invoke &amp;quot;org.openqa.selenium.chrome.ChromeDriver.findElement(org.openqa.selenium.By)&amp;quot; because &amp;quot;ChinaSystem.AutomateIPLC_RegisterLC.driver&amp;quot; is null">
      <![CDATA[java.lang.NullPointerException: Cannot invoke "org.openqa.selenium.chrome.ChromeDriver.findElement(org.openqa.selenium.By)" because "ChinaSystem.AutomateIPLC_RegisterLC.driver" is null
at ChinaSystem.AutomateIPLC_RegisterLC.Supervisorrelease(AutomateIPLC_RegisterLC.java:153)
at java.base/java.util.concurrent.ThreadPoolExecutor.runWorker(ThreadPoolExecutor.java:1130)
at java.base/java.util.concurrent.ThreadPoolExecutor$Worker.run(ThreadPoolExecutor.java:630)
at java.base/java.lang.Thread.run(Thread.java:831)
... Removed 12 stack frames]]>
    </failure>
  </testcase> <!-- Supervisorrelease -->
  <testcase classname="ChinaSystem.AutomateIPLC_RegisterLC" name="TEST" time="26.98"/>
</testsuite> <!-- Test -->
